<?xml version="1.0" encoding="UTF-8"?>
<!-- Generated by org.testng.reporters.JUnitXMLReporter -->
<testsuite ignored="4" hostname="LTIN251115" failures="0" tests="16" name="ChromeTest" time="71.815" errors="0" timestamp="2024-02-28T14:40:07 IST">
  <testcase classname="TestCases.TC_01" name="Verify" time="0.05"/>
  <testcase classname="TestCases.TC_01" name="SearchBoxIsDisplayed" time="0.048"/>
  <testcase classname="TestCases.TC_01" name="Dr" time="4.571"/>
  <testcase classname="TestCases.TC_01" name="Expertise" time="6.522"/>
  <testcase classname="TestCases.TC_01" name="StoryExp" time="6.707"/>
  <testcase classname="TestCases.TC_01" name="Money" time="3.338"/>
  <testcase classname="TestCases.TC_01" name="ThereOrNot" time="7.815"/>
  <testcase classname="TestCases.TC_01" name="Names" time="0.524"/>
  <testcase classname="TestCases.TC_01" name="Print" time="1.095"/>
  <testcase classname="TestCases.TC_02" name="Check2" time="4.221"/>
  <testcase classname="TestCases.TC_02" name="Surg" time="1.138"/>
  <testcase classname="TestCases.TC_02" name="Print" time="0.058"/>
  <testcase classname="TestCases.TC_03" name="Check3" time="0.389"/>
  <testcase classname="TestCases.TC_03" name="clickHealth" time="4.619"/>
  <testcase classname="TestCases.TC_03" name="clickAgain" time="1.338"/>
  <testcase classname="TestCases.TC_03" name="clickOnceAgain" time="12.646"/>
  <testcase classname="TestBase.BaseClass" name="@AfterTest tearDown" time="0.0">
    <ignored/>
  </testcase> <!-- @AfterTest tearDown -->
  <testcase classname="TestBase.BaseClass" name="@AfterTest tearDown" time="0.0">
    <ignored/>
  </testcase> <!-- @AfterTest tearDown -->
  <testcase classname="TestBase.BaseClass" name="@BeforeTest setUp" time="0.0">
    <ignored/>
  </testcase> <!-- @BeforeTest setUp -->
  <testcase classname="TestBase.BaseClass" name="@BeforeTest setUp" time="0.0">
    <ignored/>
  </testcase> <!-- @BeforeTest setUp -->
</testsuite> <!-- ChromeTest -->
