<?xml version="1.0" encoding="UTF-8"?>
<!-- Generated by org.testng.reporters.JUnitXMLReporter -->
<testsuite ignored="4" hostname="LTIN251115" failures="0" tests="15" name="EdgeTest" time="144.272" errors="0" timestamp="2024-02-26T10:34:16 IST">
  <testcase classname="TestCases.TC_01" name="Verify" time="0.016"/>
  <testcase classname="TestCases.TC_01" name="Dr" time="12.205"/>
  <testcase classname="TestCases.TC_01" name="Expertise" time="12.159"/>
  <testcase classname="TestCases.TC_01" name="StoryExp" time="7.23"/>
  <testcase classname="TestCases.TC_01" name="Money" time="3.385"/>
  <testcase classname="TestCases.TC_01" name="ThereOrNot" time="11.208"/>
  <testcase classname="TestCases.TC_01" name="Names" time="0.342"/>
  <testcase classname="TestCases.TC_01" name="Print" time="0.054"/>
  <testcase classname="TestCases.TC_02" name="Check2" time="7.563"/>
  <testcase classname="TestCases.TC_02" name="Surg" time="1.755"/>
  <testcase classname="TestCases.TC_02" name="Print" time="0.066"/>
  <testcase classname="TestCases.TC_03" name="Check3" time="0.582"/>
  <testcase classname="TestCases.TC_03" name="clickHealth" time="21.475"/>
  <testcase classname="TestCases.TC_03" name="clickAgain" time="1.246"/>
  <testcase classname="TestCases.TC_03" name="clickOnceAgain" time="41.141"/>
  <testcase classname="TestBase.BaseClass" name="@BeforeTest setUp" time="0.0">
    <ignored/>
  </testcase> <!-- @BeforeTest setUp -->
  <testcase classname="TestBase.BaseClass" name="@AfterTest tearDown" time="0.0">
    <ignored/>
  </testcase> <!-- @AfterTest tearDown -->
  <testcase classname="TestBase.BaseClass" name="@AfterTest tearDown" time="0.0">
    <ignored/>
  </testcase> <!-- @AfterTest tearDown -->
  <testcase classname="TestBase.BaseClass" name="@BeforeTest setUp" time="0.0">
    <ignored/>
  </testcase> <!-- @BeforeTest setUp -->
</testsuite> <!-- EdgeTest -->
