<?xml version="1.0" encoding="UTF-8"?>
<!-- Generated by org.testng.reporters.JUnitXMLReporter -->
<testsuite ignored="4" hostname="LTIN251115" failures="0" tests="13" name="Test" time="92.633" errors="0" timestamp="2024-02-21T14:41:29 IST">
  <testcase classname="TestCases.TC_01" name="Verify" time="0.05"/>
  <testcase classname="TestCases.TC_01" name="Dr" time="4.856"/>
  <testcase classname="TestCases.TC_01" name="Expertise" time="6.117"/>
  <testcase classname="TestCases.TC_01" name="StoryExp" time="6.495"/>
  <testcase classname="TestCases.TC_01" name="Filter" time="10.511"/>
  <testcase classname="TestCases.TC_01" name="Names" time="0.258"/>
  <testcase classname="TestCases.TC_01" name="Print" time="1.039"/>
  <testcase classname="TestCases.TC_02" name="Check2" time="5.309"/>
  <testcase classname="TestCases.TC_02" name="Print" time="0.076"/>
  <testcase classname="TestCases.TC_03" name="Check3" time="0.404"/>
  <testcase classname="TestCases.TC_03" name="clickHealth" time="5.702"/>
  <testcase classname="TestCases.TC_03" name="clickAgain" time="0.997"/>
  <testcase classname="TestCases.TC_03" name="clickOnceAgain" time="50.715"/>
  <testcase classname="TestBase.BaseClass" name="@AfterSuite tearDown" time="0.0">
    <ignored/>
  </testcase> <!-- @AfterSuite tearDown -->
  <testcase classname="TestBase.BaseClass" name="@BeforeSuite setUp" time="0.0">
    <ignored/>
  </testcase> <!-- @BeforeSuite setUp -->
  <testcase classname="TestBase.BaseClass" name="@BeforeSuite setUp" time="0.0">
    <ignored/>
  </testcase> <!-- @BeforeSuite setUp -->
  <testcase classname="TestBase.BaseClass" name="@AfterSuite tearDown" time="0.0">
    <ignored/>
  </testcase> <!-- @AfterSuite tearDown -->
</testsuite> <!-- Test -->
