<?xml version="1.0" encoding="UTF-8"?>
<!-- Generated by org.testng.reporters.JUnitXMLReporter -->
<testsuite ignored="4" hostname="LTIN251115" failures="0" tests="16" name="ChromeTest" time="172.511" errors="0" timestamp="2024-02-28T10:55:55 IST">
  <testcase classname="TestCases.TC_01" name="Verify" time="0.116"/>
  <testcase classname="TestCases.TC_01" name="SearchBoxIsDisplayed" time="0.113"/>
  <testcase classname="TestCases.TC_01" name="Dr" time="6.282"/>
  <testcase classname="TestCases.TC_01" name="Expertise" time="7.977"/>
  <testcase classname="TestCases.TC_01" name="StoryExp" time="9.08"/>
  <testcase classname="TestCases.TC_01" name="Money" time="3.76"/>
  <testcase classname="TestCases.TC_01" name="ThereOrNot" time="10.198"/>
  <testcase classname="TestCases.TC_01" name="Names" time="0.986"/>
  <testcase classname="TestCases.TC_01" name="Print" time="2.219"/>
  <testcase classname="TestCases.TC_02" name="Check2" time="8.386"/>
  <testcase classname="TestCases.TC_02" name="Surg" time="2.875"/>
  <testcase classname="TestCases.TC_02" name="Print" time="0.11"/>
  <testcase classname="TestCases.TC_03" name="Check3" time="0.661"/>
  <testcase classname="TestCases.TC_03" name="clickHealth" time="7.097"/>
  <testcase classname="TestCases.TC_03" name="clickAgain" time="2.609"/>
  <testcase classname="TestCases.TC_03" name="clickOnceAgain" time="21.505"/>
  <testcase classname="TestBase.BaseClass" name="@BeforeTest setUp" time="0.0">
    <ignored/>
  </testcase> <!-- @BeforeTest setUp -->
  <testcase classname="TestBase.BaseClass" name="@AfterTest tearDown" time="0.0">
    <ignored/>
  </testcase> <!-- @AfterTest tearDown -->
  <testcase classname="TestBase.BaseClass" name="@BeforeTest setUp" time="0.0">
    <ignored/>
  </testcase> <!-- @BeforeTest setUp -->
  <testcase classname="TestBase.BaseClass" name="@AfterTest tearDown" time="0.0">
    <ignored/>
  </testcase> <!-- @AfterTest tearDown -->
</testsuite> <!-- ChromeTest -->
